CRFSuite 0.12  Copyright (c) 2007-2011 Naoaki Okazaki

Start time of the training: 2014-12-03T18:25:05Z

Reading the data set(s)
[1] train.feats
0....1....2....3....4....5....6....7....8....9....10
Number of instances: 1001
Seconds required: 0.304

Statistics the data set(s)
Number of data sets (groups): 1
Number of instances: 1000
Number of items: 19378
Number of attributes: 47433
Number of labels: 4

Feature generation
type: CRF1d
feature.minfreq: 0.000000
feature.possible_states: 0
feature.possible_transitions: 0
0....1....2....3....4....5....6....7....8....9....10
Number of features: 48341
Seconds required: 0.181

L-BFGS optimization
c1: 0.000000
c2: 1.000000
num_memories: 6
max_iterations: 2147483647
epsilon: 0.000010
stop: 10
delta: 0.000010
linesearch: MoreThuente
linesearch.max_iterations: 20

***** Iteration #1 *****
Loss: 7012.756077
Feature norm: 1.000000
Error norm: 8310.413225
Active features: 48127
Line search trials: 1
Line search step: 0.000033
Seconds required for this iteration: 0.019

***** Iteration #2 *****
Loss: 5020.217092
Feature norm: 1.386141
Error norm: 2507.047769
Active features: 48188
Line search trials: 1
Line search step: 1.000000
Seconds required for this iteration: 0.009

***** Iteration #3 *****
Loss: 4628.681278
Feature norm: 1.547788
Error norm: 1612.221476
Active features: 48188
Line search trials: 1
Line search step: 1.000000
Seconds required for this iteration: 0.012

***** Iteration #4 *****
Loss: 4085.159706
Feature norm: 1.847284
Error norm: 1240.969755
Active features: 48188
Line search trials: 1
Line search step: 1.000000
Seconds required for this iteration: 0.016

***** Iteration #5 *****
Loss: 3498.486346
Feature norm: 2.432695
Error norm: 542.549302
Active features: 48188
Line search trials: 1
Line search step: 1.000000
Seconds required for this iteration: 0.014

***** Iteration #6 *****
Loss: 3290.759980
Feature norm: 2.844329
Error norm: 510.511324
Active features: 48188
Line search trials: 1
Line search step: 1.000000
Seconds required for this iteration: 0.011

***** Iteration #7 *****
Loss: 2905.746670
Feature norm: 3.877442
Error norm: 407.757342
Active features: 48188
Line search trials: 1
Line search step: 1.000000
Seconds required for this iteration: 0.012

***** Iteration #8 *****
Loss: 2630.616559
Feature norm: 5.509981
Error norm: 1010.494833
Active features: 48188
Line search trials: 1
Line search step: 1.000000
Seconds required for this iteration: 0.012

***** Iteration #9 *****
Loss: 2437.695600
Feature norm: 6.148149
Error norm: 250.335948
Active features: 48188
Line search trials: 1
Line search step: 1.000000
Seconds required for this iteration: 0.011

***** Iteration #10 *****
Loss: 2398.814573
Feature norm: 6.680947
Error norm: 247.404293
Active features: 48188
Line search trials: 1
Line search step: 1.000000
Seconds required for this iteration: 0.012

***** Iteration #11 *****
Loss: 2339.271666
Feature norm: 7.659610
Error norm: 616.403764
Active features: 48188
Line search trials: 1
Line search step: 1.000000
Seconds required for this iteration: 0.011

***** Iteration #12 *****
Loss: 2281.305330
Feature norm: 8.588381
Error norm: 391.076554
Active features: 48188
Line search trials: 1
Line search step: 1.000000
Seconds required for this iteration: 0.010

***** Iteration #13 *****
Loss: 2217.122074
Feature norm: 9.990215
Error norm: 155.905271
Active features: 48188
Line search trials: 1
Line search step: 1.000000
Seconds required for this iteration: 0.013

***** Iteration #14 *****
Loss: 2191.154263
Feature norm: 10.450765
Error norm: 174.180893
Active features: 48188
Line search trials: 1
Line search step: 1.000000
Seconds required for this iteration: 0.011

***** Iteration #15 *****
Loss: 2137.221251
Feature norm: 10.987598
Error norm: 191.084594
Active features: 48188
Line search trials: 1
Line search step: 1.000000
Seconds required for this iteration: 0.011

***** Iteration #16 *****
Loss: 2067.073005
Feature norm: 11.216064
Error norm: 290.117830
Active features: 48188
Line search trials: 1
Line search step: 1.000000
Seconds required for this iteration: 0.010

***** Iteration #17 *****
Loss: 2000.621543
Feature norm: 11.442305
Error norm: 252.439413
Active features: 48188
Line search trials: 1
Line search step: 1.000000
Seconds required for this iteration: 0.011

***** Iteration #18 *****
Loss: 1959.754219
Feature norm: 11.870985
Error norm: 379.051516
Active features: 48188
Line search trials: 1
Line search step: 1.000000
Seconds required for this iteration: 0.012

***** Iteration #19 *****
Loss: 1890.280931
Feature norm: 12.890558
Error norm: 192.990775
Active features: 48188
Line search trials: 1
Line search step: 1.000000
Seconds required for this iteration: 0.013

***** Iteration #20 *****
Loss: 1853.261007
Feature norm: 13.950215
Error norm: 191.791725
Active features: 48188
Line search trials: 1
Line search step: 1.000000
Seconds required for this iteration: 0.012

***** Iteration #21 *****
Loss: 1811.100740
Feature norm: 15.354441
Error norm: 493.596514
Active features: 48188
Line search trials: 1
Line search step: 1.000000
Seconds required for this iteration: 0.012

***** Iteration #22 *****
Loss: 1776.251317
Feature norm: 16.133269
Error norm: 297.561689
Active features: 48188
Line search trials: 1
Line search step: 1.000000
Seconds required for this iteration: 0.014

***** Iteration #23 *****
Loss: 1738.423398
Feature norm: 17.579076
Error norm: 140.685436
Active features: 48188
Line search trials: 1
Line search step: 1.000000
Seconds required for this iteration: 0.011

***** Iteration #24 *****
Loss: 1723.899233
Feature norm: 18.221030
Error norm: 82.129624
Active features: 48188
Line search trials: 1
Line search step: 1.000000
Seconds required for this iteration: 0.012

***** Iteration #25 *****
Loss: 1706.310658
Feature norm: 18.762608
Error norm: 101.480519
Active features: 48188
Line search trials: 1
Line search step: 1.000000
Seconds required for this iteration: 0.011

***** Iteration #26 *****
Loss: 1679.335875
Feature norm: 19.307719
Error norm: 160.781013
Active features: 48188
Line search trials: 1
Line search step: 1.000000
Seconds required for this iteration: 0.013

***** Iteration #27 *****
Loss: 1647.696044
Feature norm: 19.983684
Error norm: 204.567523
Active features: 48188
Line search trials: 1
Line search step: 1.000000
Seconds required for this iteration: 0.011

***** Iteration #28 *****
Loss: 1632.935861
Feature norm: 19.397587
Error norm: 337.888689
Active features: 48188
Line search trials: 2
Line search step: 0.436604
Seconds required for this iteration: 0.020

***** Iteration #29 *****
Loss: 1613.345505
Feature norm: 19.131377
Error norm: 169.720634
Active features: 48188
Line search trials: 1
Line search step: 1.000000
Seconds required for this iteration: 0.011

***** Iteration #30 *****
Loss: 1598.558764
Feature norm: 18.650482
Error norm: 138.380343
Active features: 48188
Line search trials: 1
Line search step: 1.000000
Seconds required for this iteration: 0.010

***** Iteration #31 *****
Loss: 1592.311514
Feature norm: 18.600236
Error norm: 138.925024
Active features: 48188
Line search trials: 1
Line search step: 1.000000
Seconds required for this iteration: 0.020

***** Iteration #32 *****
Loss: 1561.892780
Feature norm: 18.943497
Error norm: 181.262038
Active features: 48188
Line search trials: 1
Line search step: 1.000000
Seconds required for this iteration: 0.010

***** Iteration #33 *****
Loss: 1548.159407
Feature norm: 20.228109
Error norm: 130.697574
Active features: 48188
Line search trials: 1
Line search step: 1.000000
Seconds required for this iteration: 0.011

***** Iteration #34 *****
Loss: 1536.360102
Feature norm: 20.199506
Error norm: 99.027105
Active features: 48188
Line search trials: 1
Line search step: 1.000000
Seconds required for this iteration: 0.011

***** Iteration #35 *****
Loss: 1528.179791
Feature norm: 20.612693
Error norm: 284.563318
Active features: 48188
Line search trials: 1
Line search step: 1.000000
Seconds required for this iteration: 0.010

***** Iteration #36 *****
Loss: 1514.679949
Feature norm: 20.551149
Error norm: 72.271008
Active features: 48188
Line search trials: 1
Line search step: 1.000000
Seconds required for this iteration: 0.012

***** Iteration #37 *****
Loss: 1506.378348
Feature norm: 20.760682
Error norm: 94.241196
Active features: 48188
Line search trials: 1
Line search step: 1.000000
Seconds required for this iteration: 0.011

***** Iteration #38 *****
Loss: 1495.448154
Feature norm: 21.187609
Error norm: 104.274857
Active features: 48188
Line search trials: 1
Line search step: 1.000000
Seconds required for this iteration: 0.010

***** Iteration #39 *****
Loss: 1489.526079
Feature norm: 21.373517
Error norm: 309.643915
Active features: 48188
Line search trials: 1
Line search step: 1.000000
Seconds required for this iteration: 0.011

***** Iteration #40 *****
Loss: 1477.415616
Feature norm: 21.255437
Error norm: 116.094292
Active features: 48188
Line search trials: 1
Line search step: 1.000000
Seconds required for this iteration: 0.011

***** Iteration #41 *****
Loss: 1472.790194
Feature norm: 21.131363
Error norm: 63.278507
Active features: 48188
Line search trials: 1
Line search step: 1.000000
Seconds required for this iteration: 0.013

***** Iteration #42 *****
Loss: 1469.272695
Feature norm: 21.024549
Error norm: 111.861221
Active features: 48188
Line search trials: 1
Line search step: 1.000000
Seconds required for this iteration: 0.016

***** Iteration #43 *****
Loss: 1465.867862
Feature norm: 20.935352
Error norm: 92.140292
Active features: 48188
Line search trials: 1
Line search step: 1.000000
Seconds required for this iteration: 0.018

***** Iteration #44 *****
Loss: 1460.821741
Feature norm: 21.124851
Error norm: 107.369378
Active features: 48188
Line search trials: 1
Line search step: 1.000000
Seconds required for this iteration: 0.015

***** Iteration #45 *****
Loss: 1454.994048
Feature norm: 20.972119
Error norm: 73.411331
Active features: 48188
Line search trials: 1
Line search step: 1.000000
Seconds required for this iteration: 0.020

***** Iteration #46 *****
Loss: 1450.923009
Feature norm: 21.113942
Error norm: 40.401265
Active features: 48188
Line search trials: 1
Line search step: 1.000000
Seconds required for this iteration: 0.018

***** Iteration #47 *****
Loss: 1447.503077
Feature norm: 21.193850
Error norm: 40.965730
Active features: 48188
Line search trials: 1
Line search step: 1.000000
Seconds required for this iteration: 0.013

***** Iteration #48 *****
Loss: 1444.756023
Feature norm: 21.352680
Error norm: 113.143826
Active features: 48188
Line search trials: 2
Line search step: 0.431766
Seconds required for this iteration: 0.023

***** Iteration #49 *****
Loss: 1441.440437
Feature norm: 21.451060
Error norm: 34.331383
Active features: 48188
Line search trials: 1
Line search step: 1.000000
Seconds required for this iteration: 0.011

***** Iteration #50 *****
Loss: 1440.774576
Feature norm: 21.451696
Error norm: 26.563728
Active features: 48188
Line search trials: 1
Line search step: 1.000000
Seconds required for this iteration: 0.014

***** Iteration #51 *****
Loss: 1439.352512
Feature norm: 21.502513
Error norm: 26.066612
Active features: 48188
Line search trials: 1
Line search step: 1.000000
Seconds required for this iteration: 0.014

***** Iteration #52 *****
Loss: 1436.805795
Feature norm: 21.636928
Error norm: 30.598366
Active features: 48188
Line search trials: 1
Line search step: 1.000000
Seconds required for this iteration: 0.014

***** Iteration #53 *****
Loss: 1435.557521
Feature norm: 22.060415
Error norm: 89.375928
Active features: 48188
Line search trials: 1
Line search step: 1.000000
Seconds required for this iteration: 0.015

***** Iteration #54 *****
Loss: 1432.423886
Feature norm: 22.079972
Error norm: 35.934348
Active features: 48188
Line search trials: 1
Line search step: 1.000000
Seconds required for this iteration: 0.013

***** Iteration #55 *****
Loss: 1431.302900
Feature norm: 22.156850
Error norm: 35.313729
Active features: 48188
Line search trials: 1
Line search step: 1.000000
Seconds required for this iteration: 0.012

***** Iteration #56 *****
Loss: 1430.832279
Feature norm: 22.234032
Error norm: 35.597501
Active features: 48188
Line search trials: 1
Line search step: 1.000000
Seconds required for this iteration: 0.012

***** Iteration #57 *****
Loss: 1430.450815
Feature norm: 22.287285
Error norm: 29.115291
Active features: 48188
Line search trials: 1
Line search step: 1.000000
Seconds required for this iteration: 0.014

***** Iteration #58 *****
Loss: 1429.742502
Feature norm: 22.378469
Error norm: 30.803949
Active features: 48188
Line search trials: 1
Line search step: 1.000000
Seconds required for this iteration: 0.014

***** Iteration #59 *****
Loss: 1428.773683
Feature norm: 22.462500
Error norm: 32.089643
Active features: 48188
Line search trials: 1
Line search step: 1.000000
Seconds required for this iteration: 0.012

***** Iteration #60 *****
Loss: 1427.691831
Feature norm: 22.571710
Error norm: 25.101221
Active features: 48188
Line search trials: 1
Line search step: 1.000000
Seconds required for this iteration: 0.014

***** Iteration #61 *****
Loss: 1427.003251
Feature norm: 22.652455
Error norm: 21.679986
Active features: 48188
Line search trials: 1
Line search step: 1.000000
Seconds required for this iteration: 0.014

***** Iteration #62 *****
Loss: 1426.521310
Feature norm: 22.665439
Error norm: 14.992354
Active features: 48188
Line search trials: 1
Line search step: 1.000000
Seconds required for this iteration: 0.011

***** Iteration #63 *****
Loss: 1425.934259
Feature norm: 22.681591
Error norm: 14.719624
Active features: 48188
Line search trials: 1
Line search step: 1.000000
Seconds required for this iteration: 0.010

***** Iteration #64 *****
Loss: 1425.835319
Feature norm: 22.686715
Error norm: 27.626035
Active features: 48188
Line search trials: 2
Line search step: 0.265182
Seconds required for this iteration: 0.021

***** Iteration #65 *****
Loss: 1425.597152
Feature norm: 22.708409
Error norm: 16.764304
Active features: 48188
Line search trials: 1
Line search step: 1.000000
Seconds required for this iteration: 0.012

***** Iteration #66 *****
Loss: 1425.343192
Feature norm: 22.743831
Error norm: 11.989026
Active features: 48188
Line search trials: 1
Line search step: 1.000000
Seconds required for this iteration: 0.011

***** Iteration #67 *****
Loss: 1425.120637
Feature norm: 22.773901
Error norm: 13.834367
Active features: 48188
Line search trials: 1
Line search step: 1.000000
Seconds required for this iteration: 0.011

***** Iteration #68 *****
Loss: 1424.750687
Feature norm: 22.813178
Error norm: 13.780605
Active features: 48188
Line search trials: 1
Line search step: 1.000000
Seconds required for this iteration: 0.012

***** Iteration #69 *****
Loss: 1424.125982
Feature norm: 22.875433
Error norm: 15.592435
Active features: 48188
Line search trials: 1
Line search step: 1.000000
Seconds required for this iteration: 0.012

***** Iteration #70 *****
Loss: 1423.732076
Feature norm: 22.928461
Error norm: 22.395855
Active features: 48188
Line search trials: 1
Line search step: 1.000000
Seconds required for this iteration: 0.012

***** Iteration #71 *****
Loss: 1423.407126
Feature norm: 22.907225
Error norm: 19.011486
Active features: 48188
Line search trials: 1
Line search step: 1.000000
Seconds required for this iteration: 0.013

***** Iteration #72 *****
Loss: 1423.318466
Feature norm: 22.877988
Error norm: 14.135249
Active features: 48188
Line search trials: 1
Line search step: 1.000000
Seconds required for this iteration: 0.011

***** Iteration #73 *****
Loss: 1423.268161
Feature norm: 22.874730
Error norm: 7.940070
Active features: 48188
Line search trials: 1
Line search step: 1.000000
Seconds required for this iteration: 0.011

***** Iteration #74 *****
Loss: 1423.227704
Feature norm: 22.871107
Error norm: 8.510657
Active features: 48188
Line search trials: 1
Line search step: 1.000000
Seconds required for this iteration: 0.014

***** Iteration #75 *****
Loss: 1423.158644
Feature norm: 22.865879
Error norm: 9.989101
Active features: 48188
Line search trials: 1
Line search step: 1.000000
Seconds required for this iteration: 0.014

***** Iteration #76 *****
Loss: 1423.044319
Feature norm: 22.858614
Error norm: 11.159259
Active features: 48188
Line search trials: 1
Line search step: 1.000000
Seconds required for this iteration: 0.012

***** Iteration #77 *****
Loss: 1422.818731
Feature norm: 22.845912
Error norm: 11.317446
Active features: 48188
Line search trials: 1
Line search step: 1.000000
Seconds required for this iteration: 0.011

***** Iteration #78 *****
Loss: 1422.662132
Feature norm: 22.824558
Error norm: 17.381146
Active features: 48188
Line search trials: 1
Line search step: 1.000000
Seconds required for this iteration: 0.012

***** Iteration #79 *****
Loss: 1422.583230
Feature norm: 22.823025
Error norm: 25.074037
Active features: 48188
Line search trials: 1
Line search step: 1.000000
Seconds required for this iteration: 0.011

***** Iteration #80 *****
Loss: 1422.505606
Feature norm: 22.826515
Error norm: 9.468777
Active features: 48188
Line search trials: 1
Line search step: 1.000000
Seconds required for this iteration: 0.012

***** Iteration #81 *****
Loss: 1422.472684
Feature norm: 22.826568
Error norm: 3.726276
Active features: 48188
Line search trials: 1
Line search step: 1.000000
Seconds required for this iteration: 0.013

***** Iteration #82 *****
Loss: 1422.458819
Feature norm: 22.825248
Error norm: 3.686684
Active features: 48188
Line search trials: 1
Line search step: 1.000000
Seconds required for this iteration: 0.013

***** Iteration #83 *****
Loss: 1422.409940
Feature norm: 22.819479
Error norm: 5.587242
Active features: 48188
Line search trials: 1
Line search step: 1.000000
Seconds required for this iteration: 0.012

***** Iteration #84 *****
Loss: 1422.350720
Feature norm: 22.805964
Error norm: 7.541123
Active features: 48188
Line search trials: 1
Line search step: 1.000000
Seconds required for this iteration: 0.014

***** Iteration #85 *****
Loss: 1422.287435
Feature norm: 22.800984
Error norm: 4.658519
Active features: 48188
Line search trials: 1
Line search step: 1.000000
Seconds required for this iteration: 0.015

***** Iteration #86 *****
Loss: 1422.241588
Feature norm: 22.797368
Error norm: 5.086289
Active features: 48188
Line search trials: 1
Line search step: 1.000000
Seconds required for this iteration: 0.013

***** Iteration #87 *****
Loss: 1422.234041
Feature norm: 22.796563
Error norm: 6.679235
Active features: 48188
Line search trials: 2
Line search step: 0.064420
Seconds required for this iteration: 0.023

***** Iteration #88 *****
Loss: 1422.211615
Feature norm: 22.794036
Error norm: 5.089413
Active features: 48188
Line search trials: 1
Line search step: 1.000000
Seconds required for this iteration: 0.013

***** Iteration #89 *****
Loss: 1422.185255
Feature norm: 22.787935
Error norm: 7.589466
Active features: 48188
Line search trials: 1
Line search step: 1.000000
Seconds required for this iteration: 0.013

***** Iteration #90 *****
Loss: 1422.159546
Feature norm: 22.788558
Error norm: 3.059728
Active features: 48188
Line search trials: 1
Line search step: 1.000000
Seconds required for this iteration: 0.012

***** Iteration #91 *****
Loss: 1422.147022
Feature norm: 22.788372
Error norm: 2.801041
Active features: 48188
Line search trials: 1
Line search step: 1.000000
Seconds required for this iteration: 0.011

***** Iteration #92 *****
Loss: 1422.129623
Feature norm: 22.787235
Error norm: 3.623214
Active features: 48188
Line search trials: 1
Line search step: 1.000000
Seconds required for this iteration: 0.013

***** Iteration #93 *****
Loss: 1422.101213
Feature norm: 22.784389
Error norm: 3.674075
Active features: 48188
Line search trials: 1
Line search step: 1.000000
Seconds required for this iteration: 0.012

***** Iteration #94 *****
Loss: 1422.089221
Feature norm: 22.781187
Error norm: 4.458005
Active features: 48188
Line search trials: 2
Line search step: 0.477710
Seconds required for this iteration: 0.021

***** Iteration #95 *****
Loss: 1422.071362
Feature norm: 22.777919
Error norm: 2.299723
Active features: 48188
Line search trials: 1
Line search step: 1.000000
Seconds required for this iteration: 0.011

***** Iteration #96 *****
Loss: 1422.059066
Feature norm: 22.774906
Error norm: 2.535626
Active features: 48188
Line search trials: 1
Line search step: 1.000000
Seconds required for this iteration: 0.010

***** Iteration #97 *****
Loss: 1422.056477
Feature norm: 22.774085
Error norm: 3.837967
Active features: 48188
Line search trials: 2
Line search step: 0.141191
Seconds required for this iteration: 0.022

***** Iteration #98 *****
Loss: 1422.050434
Feature norm: 22.772246
Error norm: 2.547512
Active features: 48188
Line search trials: 1
Line search step: 1.000000
Seconds required for this iteration: 0.010

***** Iteration #99 *****
Loss: 1422.043913
Feature norm: 22.770291
Error norm: 1.670908
Active features: 48188
Line search trials: 1
Line search step: 1.000000
Seconds required for this iteration: 0.012

***** Iteration #100 *****
Loss: 1422.036379
Feature norm: 22.768900
Error norm: 1.735188
Active features: 48188
Line search trials: 1
Line search step: 1.000000
Seconds required for this iteration: 0.012

***** Iteration #101 *****
Loss: 1422.027518
Feature norm: 22.767291
Error norm: 1.604473
Active features: 48188
Line search trials: 1
Line search step: 1.000000
Seconds required for this iteration: 0.010

***** Iteration #102 *****
Loss: 1422.020784
Feature norm: 22.765710
Error norm: 3.365151
Active features: 48188
Line search trials: 1
Line search step: 1.000000
Seconds required for this iteration: 0.011

***** Iteration #103 *****
Loss: 1422.014711
Feature norm: 22.764543
Error norm: 1.594498
Active features: 48188
Line search trials: 1
Line search step: 1.000000
Seconds required for this iteration: 0.012

***** Iteration #104 *****
Loss: 1422.012341
Feature norm: 22.765157
Error norm: 0.891959
Active features: 48188
Line search trials: 1
Line search step: 1.000000
Seconds required for this iteration: 0.010

***** Iteration #105 *****
Loss: 1422.011563
Feature norm: 22.765024
Error norm: 2.587478
Active features: 48188
Line search trials: 2
Line search step: 0.401201
Seconds required for this iteration: 0.022

***** Iteration #106 *****
Loss: 1422.010031
Feature norm: 22.765058
Error norm: 1.226642
Active features: 48188
Line search trials: 1
Line search step: 1.000000
Seconds required for this iteration: 0.010

***** Iteration #107 *****
Loss: 1422.008901
Feature norm: 22.764593
Error norm: 0.910239
Active features: 48188
Line search trials: 1
Line search step: 1.000000
Seconds required for this iteration: 0.011

***** Iteration #108 *****
Loss: 1422.006094
Feature norm: 22.762924
Error norm: 1.278506
Active features: 48188
Line search trials: 1
Line search step: 1.000000
Seconds required for this iteration: 0.012

***** Iteration #109 *****
Loss: 1422.003045
Feature norm: 22.761264
Error norm: 1.527774
Active features: 48188
Line search trials: 1
Line search step: 1.000000
Seconds required for this iteration: 0.012

***** Iteration #110 *****
Loss: 1421.998965
Feature norm: 22.759411
Error norm: 1.960367
Active features: 48188
Line search trials: 1
Line search step: 1.000000
Seconds required for this iteration: 0.010

***** Iteration #111 *****
Loss: 1421.997167
Feature norm: 22.759140
Error norm: 1.453155
Active features: 48188
Line search trials: 1
Line search step: 1.000000
Seconds required for this iteration: 0.010

***** Iteration #112 *****
Loss: 1421.995572
Feature norm: 22.759947
Error norm: 1.764585
Active features: 48188
Line search trials: 1
Line search step: 1.000000
Seconds required for this iteration: 0.011

***** Iteration #113 *****
Loss: 1421.995169
Feature norm: 22.760083
Error norm: 0.621841
Active features: 48188
Line search trials: 2
Line search step: 0.240588
Seconds required for this iteration: 0.019

***** Iteration #114 *****
Loss: 1421.994964
Feature norm: 22.760339
Error norm: 0.640450
Active features: 48188
Line search trials: 1
Line search step: 1.000000
Seconds required for this iteration: 0.012

***** Iteration #115 *****
Loss: 1421.994004
Feature norm: 22.761364
Error norm: 0.871048
Active features: 48188
Line search trials: 2
Line search step: 0.465132
Seconds required for this iteration: 0.020

***** Iteration #116 *****
Loss: 1421.993263
Feature norm: 22.762012
Error norm: 0.546688
Active features: 48188
Line search trials: 1
Line search step: 1.000000
Seconds required for this iteration: 0.010

***** Iteration #117 *****
Loss: 1421.992467
Feature norm: 22.762764
Error norm: 0.402373
Active features: 48188
Line search trials: 1
Line search step: 1.000000
Seconds required for this iteration: 0.012

***** Iteration #118 *****
Loss: 1421.991360
Feature norm: 22.763961
Error norm: 0.494619
Active features: 48188
Line search trials: 1
Line search step: 1.000000
Seconds required for this iteration: 0.010

***** Iteration #119 *****
Loss: 1421.990417
Feature norm: 22.765342
Error norm: 1.112431
Active features: 48188
Line search trials: 1
Line search step: 1.000000
Seconds required for this iteration: 0.010

L-BFGS terminated with the stopping criteria
Total seconds required for training: 1.533

Storing the model
Number of active features: 48188 (48341)
Number of active attributes: 47289 (47433)
Number of active labels: 4 (4)
Writing labels
Writing attributes
Writing feature references for transitions
Writing feature references for attributes
Seconds required: 0.157

End time of the training: 2014-12-03T18:25:08Z

